04-25 21:41:36.556 - improve_in_parallel: Starting parallel improvint of  with 1 jobs, 300 timeout
04-25 21:41:36.557 - improve_in_parallel: 1
04-25 21:41:36.564 - write_string: Writing to input/test.meta:
105

04-25 21:41:37.506 - check_complexity: 105:4: checking ...
04-25 21:41:47.800 - check_complexity: 105:unsat
04-25 21:41:47.800 - check_complexity: 105:Time elapsed: 10.293454885482788
04-25 21:41:47.800 - write_string: Attempt to write empty string to results/test

04-25 21:42:30.439 - get_function_codes: [105]
04-25 21:42:30.441 - compute_in_parallel: Starting parallel computing with 1 jobs, None timeout
04-25 21:42:31.366 - check_complexity: 105:5: checking ...
04-25 21:45:11.144 - check_complexity: 105:***** sat *****

04-25 21:45:11.145 - check_complexity: 105:Time elapsed: 159.77787923812866
04-25 21:45:11.170 - write_string: Filename is None, writing to stdout:
105
mig
5
10 0
3 0 4 0 5 1 3 0 4 0 5 0 5 0 6 0 7 1 1 0 2 0 8 1 0 0 8 0 9 0 


04-25 21:46:33.541 - get_function_codes: [105]
04-25 21:46:33.542 - compute_in_parallel: Starting parallel computing with 1 jobs, None timeout
04-25 21:46:34.462 - synthesize_mig: 105:0 checking ...
04-25 21:46:34.525 - synthesize_mig: 105:0:[Time elapsed: 0.06337237358093262] unsat
04-25 21:46:34.530 - synthesize_mig: 105:1 checking ...
04-25 21:46:34.838 - synthesize_mig: 105:1:[Time elapsed: 0.3079502582550049] unsat
04-25 21:46:34.848 - synthesize_mig: 105:2 checking ...
04-25 21:46:35.493 - synthesize_mig: 105:2:[Time elapsed: 0.6453127861022949] unsat
04-25 21:46:35.506 - synthesize_mig: 105:3 checking ...
04-25 21:46:37.279 - synthesize_mig: 105:3:[Time elapsed: 1.7725951671600342] unsat
04-25 21:46:37.298 - synthesize_mig: 105:4 checking ...
04-25 21:46:51.143 - synthesize_mig: 105:4:[Time elapsed: 13.844919204711914] unsat
04-25 21:46:51.168 - synthesize_mig: 105:5 checking ...
04-25 21:49:27.593 - synthesize_mig: 105:5:[Time elapsed: 156.42535376548767] ***** sat *****

04-25 21:49:27.595 - write_string: Filename is None, writing to stdout:
105
mig
5
10 0
3 0 4 0 5 0 3 0 4 0 5 1 5 0 6 1 7 0 1 1 2 0 8 0 0 0 1 0 9 0 


04-25 21:50:06.112 - improve_in_parallel: Starting parallel improvint of  with 1 jobs, 300 timeout
04-25 21:50:06.112 - improve_in_parallel: 1
04-25 21:50:06.115 - write_string: Writing to input/test.meta:
105

04-25 21:50:06.462 - check_complexity: Optimizations enabled
04-25 21:50:06.466 - check_complexity: 105:4: checking ...
04-25 21:50:09.113 - check_complexity: 105:unsat
04-25 21:50:09.113 - check_complexity: 105:Time elapsed: 2.647775411605835
04-25 21:50:09.114 - write_string: Attempt to write empty string to results/test

04-25 21:50:37.452 - improve_in_parallel: Starting parallel improvint of  with 1 jobs, 300 timeout
04-25 21:50:37.452 - improve_in_parallel: 1
04-25 21:50:37.455 - write_string: Writing to input/test.meta:
105

04-25 21:50:37.795 - check_complexity: Optimizations enabled
04-25 21:50:37.798 - check_complexity: 105:5: checking ...
04-25 21:51:18.378 - check_complexity: 105:***** sat *****

04-25 21:51:18.378 - check_complexity: 105:Time elapsed: 40.57973098754883
04-25 21:51:18.378 - improve_single: MIG complexity for 105 IMPROVED! CONGRATULATIONS!
04-25 21:51:18.381 - write_string: Writing to results/test:
105
mig
5
10 0
3 0 4 0 5 1 3 0 4 0 5 0 5 0 6 0 7 1 1 0 2 0 8 1 0 0 8 0 9 0 


